<?xml version="1.0" encoding="UTF-8"?>
<!-- Generated by org.testng.reporters.JUnitReportReporter -->
<testsuite hostname="SK-TC16" name="algo.Inversions" tests="1" failures="0" timestamp="13 Mar 2012 10:30:45 GMT" time="0,124" errors="0">
  <testcase name="doTest" time="0,124" classname="algo.Inversions"/>
</testsuite>
