<?xml version="1.0" encoding="UTF-8"?>
<!-- Generated by org.testng.reporters.JUnitReportReporter -->
<testsuite hostname="yurko" name="com.euler.utils.sorting.MergeSort" tests="1" failures="0" timestamp="6 Mar 2012 20:05:12 GMT" time="0,012" errors="0">
  <testcase name="doSort" time="0,012" classname="com.euler.utils.sorting.MergeSort"/>
</testsuite> <!-- com.euler.utils.sorting.MergeSort -->
