<?xml version="1.0" encoding="UTF-8"?>
<!-- Generated by org.testng.reporters.JUnitReportReporter -->
<testsuite hostname="SK-TC16" name="com.euler.Problem_142" tests="1" failures="0" timestamp="14 Sep 2011 12:59:19 GMT" time="0,267" errors="0">
  <testcase name="doTest" time="0,267" classname="com.euler.Problem_142"/>
</testsuite>
