<?xml version="1.0" encoding="UTF-8"?>
<!-- Generated by org.testng.reporters.JUnitReportReporter -->
<testsuite hostname="SK-TC16" name="com.euler.PR_345" tests="1" failures="0" timestamp="5 Dec 2011 14:14:40 GMT" time="0,096" errors="0">
  <testcase name="doTest" time="0,096" classname="com.euler.PR_345"/>
</testsuite>
