<?xml version="1.0" encoding="UTF-8"?>
<!-- Generated by org.testng.reporters.JUnitReportReporter -->
<testsuite hostname="SK-TC16" name="com.euler.PR_51" tests="1" failures="0" timestamp="25 Oct 2011 09:35:38 GMT" time="10,881" errors="0">
  <testcase name="doTest" time="10,881" classname="com.euler.PR_51"/>
</testsuite>
