<?xml version="1.0" encoding="UTF-8"?>
<!-- Generated by org.testng.reporters.JUnitReportReporter -->
<testsuite hostname="SK-TC16" name="com.euler.P_108" tests="1" failures="0" timestamp="22 Sep 2011 13:43:49 GMT" time="0,205" errors="0">
  <testcase name="doTest" time="0,205" classname="com.euler.P_108"/>
</testsuite>
