<?xml version="1.0" encoding="UTF-8"?>
<!-- Generated by org.testng.reporters.JUnitReportReporter -->
<testsuite hostname="SK-TC16" name="com.euler.PR_53" tests="1" failures="0" timestamp="8 Nov 2011 14:39:55 GMT" time="0,037" errors="0">
  <testcase name="doTest" time="0,037" classname="com.euler.PR_53"/>
</testsuite>
