<?xml version="1.0" encoding="UTF-8"?>
<!-- Generated by org.testng.reporters.JUnitReportReporter -->
<testsuite hostname="SK-TC16" name="com.euler.Pr_52" tests="1" failures="0" timestamp="25 Oct 2011 11:54:00 GMT" time="0,416" errors="0">
  <testcase name="doTest" time="0,416" classname="com.euler.Pr_52"/>
</testsuite>
