<?xml version="1.0" encoding="UTF-8"?>
<!-- Generated by org.testng.reporters.JUnitReportReporter -->
<testsuite hostname="SK-TC16" name="com.euler.utils.DivisorUtils" tests="1" failures="0" timestamp="5 Dec 2011 10:26:02 GMT" time="5,587" errors="0">
  <testcase name="doTest" time="5,587" classname="com.euler.utils.DivisorUtils"/>
</testsuite>
