<?xml version="1.0" encoding="UTF-8"?>
<!-- Generated by org.testng.reporters.JUnitReportReporter -->
<testsuite hostname="SK-TC16" name="com.euler.P_357" tests="1" failures="0" timestamp="28 Nov 2011 10:01:27 GMT" time="5,854" errors="0">
  <testcase name="doTest" time="5,854" classname="com.euler.P_357"/>
</testsuite>
