<?xml version="1.0" encoding="UTF-8"?>
<!-- Generated by org.testng.reporters.JUnitReportReporter -->
<testsuite hostname="SK-TC16" name="com.euler.P_26" tests="1" failures="0" timestamp="26 Sep 2011 12:32:00 GMT" time="0,694" errors="0">
  <testcase name="doTest" time="0,694" classname="com.euler.P_26"/>
</testsuite>
