<?xml version="1.0" encoding="UTF-8"?>
<!-- Generated by org.testng.reporters.JUnitReportReporter -->
<testsuite hostname="SK-TC16" name="com.euler.Pr_247" tests="1" failures="0" timestamp="19 Dec 2011 09:54:04 GMT" time="0,454" errors="0">
  <testcase name="doPriorityQueue" time="0,454" classname="com.euler.Pr_247"/>
</testsuite>
