<?xml version="1.0" encoding="UTF-8"?>
<!-- Generated by org.testng.reporters.JUnitReportReporter -->
<testsuite hostname="SK-TC16" name="com.euler.PR_41" tests="1" failures="0" timestamp="11 Oct 2011 12:53:41 GMT" time="0,042" errors="0">
  <testcase name="doTest" time="0,042" classname="com.euler.PR_41"/>
</testsuite>
