<?xml version="1.0" encoding="UTF-8"?>
<!-- Generated by org.testng.reporters.JUnitReportReporter -->
<testsuite hostname="SK-TC16" name="com.euler.P_27" tests="1" failures="0" timestamp="27 Sep 2011 08:10:43 GMT" time="0,190" errors="0">
  <testcase name="doTest" time="0,190" classname="com.euler.P_27"/>
</testsuite>
