<?xml version="1.0" encoding="UTF-8"?>
<!-- Generated by org.testng.reporters.JUnitReportReporter -->
<testsuite hostname="SK-TC16" name="com.euler.Pr_282" tests="1" failures="1" timestamp="29 Sep 2011 13:47:57 GMT" time="1,521" errors="0">
  <testcase name="doTest" time="1,521" classname="com.euler.Pr_282">
    <failure type="java.lang.StackOverflowError">
      <![CDATA[java.lang.StackOverflowError
	at java.math.BigInteger.add(Unknown Source)
	at com.euler.Pr_282.getAkkerman(Pr_282.java:55)
	at com.euler.Pr_282.getAkkerman(Pr_282.java:59)
	at com.euler.Pr_282.getAkkerman(Pr_282.java:62)
	at com.euler.Pr_282.getAkkerman(Pr_282.java:62)
	at com.euler.Pr_282.getAkkerman(Pr_282.java:62)
	at com.euler.Pr_282.getAkkerman(Pr_282.java:62)
	at com.euler.Pr_282.getAkkerman(Pr_282.java:62)
	at com.euler.Pr_282.getAkkerman(Pr_282.java:62)
	at com.euler.Pr_282.getAkkerman(Pr_282.java:62)
	at com.euler.Pr_282.getAkkerman(Pr_282.java:62)
	at com.euler.Pr_282.getAkkerman(Pr_282.java:62)
	at com.euler.Pr_282.getAkkerman(Pr_282.java:62)
	at com.euler.Pr_282.getAkkerman(Pr_282.java:62)
	at com.euler.Pr_282.getAkkerman(Pr_282.java:62)
	at com.euler.Pr_282.getAkkerman(Pr_282.java:62)
	at com.euler.Pr_282.getAkkerman(Pr_282.java:62)
	at com.euler.Pr_282.getAkkerman(Pr_282.java:62)
	at com.euler.Pr_282.getAkkerman(Pr_282.java:62)
	at com.euler.Pr_282.getAkkerman(Pr_282.java:62)
	at com.euler.Pr_282.getAkkerman(Pr_282.java:62)
	at com.euler.Pr_282.getAkkerman(Pr_282.java:62)
	at com.euler.Pr_282.getAkkerman(Pr_282.java:62)
	at com.euler.Pr_282.getAkkerman(Pr_282.java:62)
	at com.euler.Pr_282.getAkkerman(Pr_282.java:62)
	at com.euler.Pr_282.getAkkerman(Pr_282.java:62)
	at com.euler.Pr_282.getAkkerman(Pr_282.java:62)
	at com.euler.Pr_282.getAkkerman(Pr_282.java:62)
	at com.euler.Pr_282.getAkkerman(Pr_282.java:62)
	at com.euler.Pr_282.getAkkerman(Pr_282.java:62)
	at com.euler.Pr_282.getAkkerman(Pr_282.java:62)
	at com.euler.Pr_282.getAkkerman(Pr_282.java:62)
	at com.euler.Pr_282.getAkkerman(Pr_282.java:62)
	at com.euler.Pr_282.getAkkerman(Pr_282.java:62)
	at com.euler.Pr_282.getAkkerman(Pr_282.java:62)
	at com.euler.Pr_282.getAkkerman(Pr_282.java:62)
	at com.euler.Pr_282.getAkkerman(Pr_282.java:62)
	at com.euler.Pr_282.getAkkerman(Pr_282.java:62)
	at com.euler.Pr_282.getAkkerman(Pr_282.java:62)
	at com.euler.Pr_282.getAkkerman(Pr_282.java:62)
	at com.euler.Pr_282.getAkkerman(Pr_282.java:62)
	at com.euler.Pr_282.getAkkerman(Pr_282.java:62)
	at com.euler.Pr_282.getAkkerman(Pr_282.java:62)
	at com.euler.Pr_282.getAkkerman(Pr_282.java:62)
	at com.euler.Pr_282.getAkkerman(Pr_282.java:62)
	at com.euler.Pr_282.getAkkerman(Pr_282.java:62)
	at com.euler.Pr_282.getAkkerman(Pr_282.java:62)
	at com.euler.Pr_282.getAkkerman(Pr_282.java:62)
	at com.euler.Pr_282.getAkkerman(Pr_282.java:62)
	at com.euler.Pr_282.getAkkerman(Pr_282.java:62)
	at com.euler.Pr_282.getAkkerman(Pr_282.java:62)
	at com.euler.Pr_282.getAkkerman(Pr_282.java:62)
	at com.euler.Pr_282.getAkkerman(Pr_282.java:62)
	at com.euler.Pr_282.getAkkerman(Pr_282.java:62)
	at com.euler.Pr_282.getAkkerman(Pr_282.java:62)
	at com.euler.Pr_282.getAkkerman(Pr_282.java:62)
	at com.euler.Pr_282.getAkkerman(Pr_282.java:62)
	at com.euler.Pr_282.getAkkerman(Pr_282.java:62)
	at com.euler.Pr_282.getAkkerman(Pr_282.java:62)
	at com.euler.Pr_282.getAkkerman(Pr_282.java:62)
	at com.euler.Pr_282.getAkkerman(Pr_282.java:62)
	at com.euler.Pr_282.getAkkerman(Pr_282.java:62)
	at com.euler.Pr_282.getAkkerman(Pr_282.java:62)
	at com.euler.Pr_282.getAkkerman(Pr_282.java:62)
	at com.euler.Pr_282.getAkkerman(Pr_282.java:62)
	at com.euler.Pr_282.getAkkerman(Pr_282.java:62)
	at com.euler.Pr_282.getAkkerman(Pr_282.java:62)
	at com.euler.Pr_282.getAkkerman(Pr_282.java:62)
	at com.euler.Pr_282.getAkkerman(Pr_282.java:62)
	at com.euler.Pr_282.getAkkerman(Pr_282.java:62)
	at com.euler.Pr_282.getAkkerman(Pr_282.java:62)
	at com.euler.Pr_282.getAkkerman(Pr_282.java:62)
	at com.euler.Pr_282.getAkkerman(Pr_282.java:62)
	at com.euler.Pr_282.getAkkerman(Pr_282.java:62)
	at com.euler.Pr_282.getAkkerman(Pr_282.java:62)
	at com.euler.Pr_282.getAkkerman(Pr_282.java:62)
	at com.euler.Pr_282.getAkkerman(Pr_282.java:62)
	at com.euler.Pr_282.getAkkerman(Pr_282.java:62)
	at com.euler.Pr_282.getAkkerman(Pr_282.java:62)
	at com.euler.Pr_282.getAkkerman(Pr_282.java:62)
	at com.euler.Pr_282.getAkkerman(Pr_282.java:62)
	at com.euler.Pr_282.getAkkerman(Pr_282.java:62)
	at com.euler.Pr_282.getAkkerman(Pr_282.java:62)
	at com.euler.Pr_282.getAkkerman(Pr_282.java:62)
	at com.euler.Pr_282.getAkkerman(Pr_282.java:62)
	at com.euler.Pr_282.getAkkerman(Pr_282.java:62)
	at com.euler.Pr_282.getAkkerman(Pr_282.java:62)
	at com.euler.Pr_282.getAkkerman(Pr_282.java:62)
	at com.euler.Pr_282.getAkkerman(Pr_282.java:62)
	at com.euler.Pr_282.getAkkerman(Pr_282.java:62)
	at com.euler.Pr_282.getAkkerman(Pr_282.java:62)
	at com.euler.Pr_282.getAkkerman(Pr_282.java:62)
	at com.euler.Pr_282.getAkkerman(Pr_282.java:62)
	at com.euler.Pr_282.getAkkerman(Pr_282.java:62)
	at com.euler.Pr_282.getAkkerman(Pr_282.java:62)
	at com.euler.Pr_282.getAkkerman(Pr_282.java:62)
	at com.euler.Pr_282.getAkkerman(Pr_282.java:62)
	at com.euler.Pr_282.getAkkerman(Pr_282.java:62)
	at com.euler.Pr_282.getAkkerman(Pr_282.java:62)
	at com.euler.Pr_282.getAkkerman(Pr_282.java:62)
	at com.euler.Pr_282.getAkkerman(Pr_282.java:62)
	at com.euler.Pr_282.getAkkerman(Pr_282.java:62)
	at com.euler.Pr_282.getAkkerman(Pr_282.java:62)
	at com.euler.Pr_282.getAkkerman(Pr_282.java:62)
	at com.euler.Pr_282.getAkkerman(Pr_282.java:62)
	at com.euler.Pr_282.getAkkerman(Pr_282.java:62)
	at com.euler.Pr_282.getAkkerman(Pr_282.java:62)
	at com.euler.Pr_282.getAkkerman(Pr_282.java:62)
	at com.euler.Pr_282.getAkkerman(Pr_282.java:62)
	at com.euler.Pr_282.getAkkerman(Pr_282.java:62)
	at com.euler.Pr_282.getAkkerman(Pr_282.java:62)
	at com.euler.Pr_282.getAkkerman(Pr_282.java:62)
	at com.euler.Pr_282.getAkkerman(Pr_282.java:62)
	at com.euler.Pr_282.getAkkerman(Pr_282.java:62)
	at com.euler.Pr_282.getAkkerman(Pr_282.java:62)
	at com.euler.Pr_282.getAkkerman(Pr_282.java:62)
	at com.euler.Pr_282.getAkkerman(Pr_282.java:62)
	at com.euler.Pr_282.getAkkerman(Pr_282.java:62)
	at com.euler.Pr_282.getAkkerman(Pr_282.java:62)
	at com.euler.Pr_282.getAkkerman(Pr_282.java:62)
	at com.euler.Pr_282.getAkkerman(Pr_282.java:62)
	at com.euler.Pr_282.getAkkerman(Pr_282.java:62)
	at com.euler.Pr_282.getAkkerman(Pr_282.java:62)
	at com.euler.Pr_282.getAkkerman(Pr_282.java:62)
	at com.euler.Pr_282.getAkkerman(Pr_282.java:62)
	at com.euler.Pr_282.getAkkerman(Pr_282.java:62)
	at com.euler.Pr_282.getAkkerman(Pr_282.java:62)
	at com.euler.Pr_282.getAkkerman(Pr_282.java:62)
	at com.euler.Pr_282.getAkkerman(Pr_282.java:62)
	at com.euler.Pr_282.getAkkerman(Pr_282.java:62)
	at com.euler.Pr_282.getAkkerman(Pr_282.java:62)
	at com.euler.Pr_282.getAkkerman(Pr_282.java:62)
	at com.euler.Pr_282.getAkkerman(Pr_282.java:62)
	at com.euler.Pr_282.getAkkerman(Pr_282.java:62)
	at com.euler.Pr_282.getAkkerman(Pr_282.java:62)
	at com.euler.Pr_282.getAkkerman(Pr_282.java:62)
	at com.euler.Pr_282.getAkkerman(Pr_282.java:62)
	at com.euler.Pr_282.getAkkerman(Pr_282.java:62)
	at com.euler.Pr_282.getAkkerman(Pr_282.java:62)
	at com.euler.Pr_282.getAkkerman(Pr_282.java:62)
	at com.euler.Pr_282.getAkkerman(Pr_282.java:62)
	at com.euler.Pr_282.getAkkerman(Pr_282.java:62)
	at com.euler.Pr_282.getAkkerman(Pr_282.java:62)
	at com.euler.Pr_282.getAkkerman(Pr_282.java:62)
	at com.euler.Pr_282.getAkkerman(Pr_282.java:62)
	at com.euler.Pr_282.getAkkerman(Pr_282.java:62)
	at com.euler.Pr_282.getAkkerman(Pr_282.java:62)
	at com.euler.Pr_282.getAkkerman(Pr_282.java:62)
	at com.euler.Pr_282.getAkkerman(Pr_282.java:62)
	at com.euler.Pr_282.getAkkerman(Pr_282.java:62)
	at com.euler.Pr_282.getAkkerman(Pr_282.java:62)
	at com.euler.Pr_282.getAkkerman(Pr_282.java:62)
	at com.euler.Pr_282.getAkkerman(Pr_282.java:62)
	at com.euler.Pr_282.getAkkerman(Pr_282.java:62)
	at com.euler.Pr_282.getAkkerman(Pr_282.java:62)
	at com.euler.Pr_282.getAkkerman(Pr_282.java:62)
	at com.euler.Pr_282.getAkkerman(Pr_282.java:62)
	at com.euler.Pr_282.getAkkerman(Pr_282.java:62)
	at com.euler.Pr_282.getAkkerman(Pr_282.java:62)
	at com.euler.Pr_282.getAkkerman(Pr_282.java:62)
	at com.euler.Pr_282.getAkkerman(Pr_282.java:62)
	at com.euler.Pr_282.getAkkerman(Pr_282.java:62)
	at com.euler.Pr_282.getAkkerman(Pr_282.java:62)
	at com.euler.Pr_282.getAkkerman(Pr_282.java:62)
	at com.euler.Pr_282.getAkkerman(Pr_282.java:62)
	at com.euler.Pr_282.getAkkerman(Pr_282.java:62)
	at com.euler.Pr_282.getAkkerman(Pr_282.java:62)
	at com.euler.Pr_282.getAkkerman(Pr_282.java:62)
	at com.euler.Pr_282.getAkkerman(Pr_282.java:62)
	at com.euler.Pr_282.getAkkerman(Pr_282.java:62)
	at com.euler.Pr_282.getAkkerman(Pr_282.java:62)
	at com.euler.Pr_282.getAkkerman(Pr_282.java:62)
	at com.euler.Pr_282.getAkkerman(Pr_282.java:62)
	at com.euler.Pr_282.getAkkerman(Pr_282.java:62)
	at com.euler.Pr_282.getAkkerman(Pr_282.java:62)
	at com.euler.Pr_282.getAkkerman(Pr_282.java:62)
	at com.euler.Pr_282.getAkkerman(Pr_282.java:62)
	at com.euler.Pr_282.getAkkerman(Pr_282.java:62)
	at com.euler.Pr_282.getAkkerman(Pr_282.java:62)
	at com.euler.Pr_282.getAkkerman(Pr_282.java:62)
	at com.euler.Pr_282.getAkkerman(Pr_282.java:62)
	at com.euler.Pr_282.getAkkerman(Pr_282.java:62)
	at com.euler.Pr_282.getAkkerman(Pr_282.java:62)
	at com.euler.Pr_282.getAkkerman(Pr_282.java:62)
	at com.euler.Pr_282.getAkkerman(Pr_282.java:62)
	at com.euler.Pr_282.getAkkerman(Pr_282.java:62)
	at com.euler.Pr_282.getAkkerman(Pr_282.java:62)
	at com.euler.Pr_282.getAkkerman(Pr_282.java:62)
	at com.euler.Pr_282.getAkkerman(Pr_282.java:62)
	at com.euler.Pr_282.getAkkerman(Pr_282.java:62)
	at com.euler.Pr_282.getAkkerman(Pr_282.java:62)
	at com.euler.Pr_282.getAkkerman(Pr_282.java:62)
	at com.euler.Pr_282.getAkkerman(Pr_282.java:62)
	at com.euler.Pr_282.getAkkerman(Pr_282.java:62)
	at com.euler.Pr_282.getAkkerman(Pr_282.java:62)
	at com.euler.Pr_282.getAkkerman(Pr_282.java:62)
	at com.euler.Pr_282.getAkkerman(Pr_282.java:62)
	at com.euler.Pr_282.getAkkerman(Pr_282.java:62)
	at com.euler.Pr_282.getAkkerman(Pr_282.java:62)
	at com.euler.Pr_282.getAkkerman(Pr_282.java:62)
	at com.euler.Pr_282.getAkkerman(Pr_282.java:62)
	at com.euler.Pr_282.getAkkerman(Pr_282.java:62)
	at com.euler.Pr_282.getAkkerman(Pr_282.java:62)
	at com.euler.Pr_282.getAkkerman(Pr_282.java:62)
	at com.euler.Pr_282.getAkkerman(Pr_282.java:62)
	at com.euler.Pr_282.getAkkerman(Pr_282.java:62)
	at com.euler.Pr_282.getAkkerman(Pr_282.java:62)
	at com.euler.Pr_282.getAkkerman(Pr_282.java:62)
	at com.euler.Pr_282.getAkkerman(Pr_282.java:62)
	at com.euler.Pr_282.getAkkerman(Pr_282.java:62)
	at com.euler.Pr_282.getAkkerman(Pr_282.java:62)
	at com.euler.Pr_282.getAkkerman(Pr_282.java:62)
	at com.euler.Pr_282.getAkkerman(Pr_282.java:62)
	at com.euler.Pr_282.getAkkerman(Pr_282.java:62)
	at com.euler.Pr_282.getAkkerman(Pr_282.java:62)
	at com.euler.Pr_282.getAkkerman(Pr_282.java:62)
	at com.euler.Pr_282.getAkkerman(Pr_282.java:62)
	at com.euler.Pr_282.getAkkerman(Pr_282.java:62)
	at com.euler.Pr_282.getAkkerman(Pr_282.java:62)
	at com.euler.Pr_282.getAkkerman(Pr_282.java:62)
	at com.euler.Pr_282.getAkkerman(Pr_282.java:62)
	at com.euler.Pr_282.getAkkerman(Pr_282.java:62)
	at com.euler.Pr_282.getAkkerman(Pr_282.java:62)
	at com.euler.Pr_282.getAkkerman(Pr_282.java:62)
	at com.euler.Pr_282.getAkkerman(Pr_282.java:62)
	at com.euler.Pr_282.getAkkerman(Pr_282.java:62)
	at com.euler.Pr_282.getAkkerman(Pr_282.java:62)
	at com.euler.Pr_282.getAkkerman(Pr_282.java:62)
	at com.euler.Pr_282.getAkkerman(Pr_282.java:62)
	at com.euler.Pr_282.getAkkerman(Pr_282.java:62)
	at com.euler.Pr_282.getAkkerman(Pr_282.java:62)
	at com.euler.Pr_282.getAkkerman(Pr_282.java:62)
	at com.euler.Pr_282.getAkkerman(Pr_282.java:62)
	at com.euler.Pr_282.getAkkerman(Pr_282.java:62)
	at com.euler.Pr_282.getAkkerman(Pr_282.java:62)
	at com.euler.Pr_282.getAkkerman(Pr_282.java:62)
	at com.euler.Pr_282.getAkkerman(Pr_282.java:62)
	at com.euler.Pr_282.getAkkerman(Pr_282.java:62)
	at com.euler.Pr_282.getAkkerman(Pr_282.java:62)
	at com.euler.Pr_282.getAkkerman(Pr_282.java:62)
	at com.euler.Pr_282.getAkkerman(Pr_282.java:62)
	at com.euler.Pr_282.getAkkerman(Pr_282.java:62)
	at com.euler.Pr_282.getAkkerman(Pr_282.java:62)
	at com.euler.Pr_282.getAkkerman(Pr_282.java:62)
	at com.euler.Pr_282.getAkkerman(Pr_282.java:62)
	at com.euler.Pr_282.getAkkerman(Pr_282.java:62)
	at com.euler.Pr_282.getAkkerman(Pr_282.java:62)
	at com.euler.Pr_282.getAkkerman(Pr_282.java:62)
	at com.euler.Pr_282.getAkkerman(Pr_282.java:62)
	at com.euler.Pr_282.getAkkerman(Pr_282.java:62)
	at com.euler.Pr_282.getAkkerman(Pr_282.java:62)
	at com.euler.Pr_282.getAkkerman(Pr_282.java:62)
	at com.euler.Pr_282.getAkkerman(Pr_282.java:62)
	at com.euler.Pr_282.getAkkerman(Pr_282.java:62)
	at com.euler.Pr_282.getAkkerman(Pr_282.java:62)
	at com.euler.Pr_282.getAkkerman(Pr_282.java:62)
	at com.euler.Pr_282.getAkkerman(Pr_282.java:62)
	at com.euler.Pr_282.getAkkerman(Pr_282.java:62)
	at com.euler.Pr_282.getAkkerman(Pr_282.java:62)
	at com.euler.Pr_282.getAkkerman(Pr_282.java:62)
	at com.euler.Pr_282.getAkkerman(Pr_282.java:62)
	at com.euler.Pr_282.getAkkerman(Pr_282.java:62)
	at com.euler.Pr_282.getAkkerman(Pr_282.java:62)
	at com.euler.Pr_282.getAkkerman(Pr_282.java:62)
	at com.euler.Pr_282.getAkkerman(Pr_282.java:62)
	at com.euler.Pr_282.getAkkerman(Pr_282.java:62)
	at com.euler.Pr_282.getAkkerman(Pr_282.java:62)
	at com.euler.Pr_282.getAkkerman(Pr_282.java:62)
	at com.euler.Pr_282.getAkkerman(Pr_282.java:62)
	at com.euler.Pr_282.getAkkerman(Pr_282.java:62)
	at com.euler.Pr_282.getAkkerman(Pr_282.java:62)
	at com.euler.Pr_282.getAkkerman(Pr_282.java:62)
	at com.euler.Pr_282.getAkkerman(Pr_282.java:62)
	at com.euler.Pr_282.getAkkerman(Pr_282.java:62)
	at com.euler.Pr_282.getAkkerman(Pr_282.java:62)
	at com.euler.Pr_282.getAkkerman(Pr_282.java:62)
	at com.euler.Pr_282.getAkkerman(Pr_282.java:62)
	at com.euler.Pr_282.getAkkerman(Pr_282.java:62)
	at com.euler.Pr_282.getAkkerman(Pr_282.java:62)
	at com.euler.Pr_282.getAkkerman(Pr_282.java:62)
	at com.euler.Pr_282.getAkkerman(Pr_282.java:62)
	at com.euler.Pr_282.getAkkerman(Pr_282.java:62)
	at com.euler.Pr_282.getAkkerman(Pr_282.java:62)
	at com.euler.Pr_282.getAkkerman(Pr_282.java:62)
	at com.euler.Pr_282.getAkkerman(Pr_282.java:62)
	at com.euler.Pr_282.getAkkerman(Pr_282.java:62)
	at com.euler.Pr_282.getAkkerman(Pr_282.java:62)
	at com.euler.Pr_282.getAkkerman(Pr_282.java:62)
	at com.euler.Pr_282.getAkkerman(Pr_282.java:62)
	at com.euler.Pr_282.getAkkerman(Pr_282.java:62)
	at com.euler.Pr_282.getAkkerman(Pr_282.java:62)
	at com.euler.Pr_282.getAkkerman(Pr_282.java:62)
	at com.euler.Pr_282.getAkkerman(Pr_282.java:62)
	at com.euler.Pr_282.getAkkerman(Pr_282.java:62)
	at com.euler.Pr_282.getAkkerman(Pr_282.java:62)
	at com.euler.Pr_282.getAkkerman(Pr_282.java:62)
	at com.euler.Pr_282.getAkkerman(Pr_282.java:62)
	at com.euler.Pr_282.getAkkerman(Pr_282.java:62)
	at com.euler.Pr_282.getAkkerman(Pr_282.java:62)
	at com.euler.Pr_282.getAkkerman(Pr_282.java:62)
	at com.euler.Pr_282.getAkkerman(Pr_282.java:62)
	at com.euler.Pr_282.getAkkerman(Pr_282.java:62)
	at com.euler.Pr_282.getAkkerman(Pr_282.java:62)
	at com.euler.Pr_282.getAkkerman(Pr_282.java:62)
	at com.euler.Pr_282.getAkkerman(Pr_282.java:62)
	at com.euler.Pr_282.getAkkerman(Pr_282.java:62)
	at com.euler.Pr_282.getAkkerman(Pr_282.java:62)
	at com.euler.Pr_282.getAkkerman(Pr_282.java:62)
	at com.euler.Pr_282.getAkkerman(Pr_282.java:62)
	at com.euler.Pr_282.getAkkerman(Pr_282.java:62)
	at com.euler.Pr_282.getAkkerman(Pr_282.java:62)
	at com.euler.Pr_282.getAkkerman(Pr_282.java:62)
	at com.euler.Pr_282.getAkkerman(Pr_282.java:62)
	at com.euler.Pr_282.getAkkerman(Pr_282.java:62)
	at com.euler.Pr_282.getAkkerman(Pr_282.java:62)
	at com.euler.Pr_282.getAkkerman(Pr_282.java:62)
	at com.euler.Pr_282.getAkkerman(Pr_282.java:62)
	at com.euler.Pr_282.getAkkerman(Pr_282.java:62)
	at com.euler.Pr_282.getAkkerman(Pr_282.java:62)
	at com.euler.Pr_282.getAkkerman(Pr_282.java:62)
	at com.euler.Pr_282.getAkkerman(Pr_282.java:62)
	at com.euler.Pr_282.getAkkerman(Pr_282.java:62)
	at com.euler.Pr_282.getAkkerman(Pr_282.java:62)
	at com.euler.Pr_282.getAkkerman(Pr_282.java:62)
	at com.euler.Pr_282.getAkkerman(Pr_282.java:62)
	at com.euler.Pr_282.getAkkerman(Pr_282.java:62)
	at com.euler.Pr_282.getAkkerman(Pr_282.java:62)
	at com.euler.Pr_282.getAkkerman(Pr_282.java:62)
	at com.euler.Pr_282.getAkkerman(Pr_282.java:62)
	at com.euler.Pr_282.getAkkerman(Pr_282.java:62)
	at com.euler.Pr_282.getAkkerman(Pr_282.java:62)
	at com.euler.Pr_282.getAkkerman(Pr_282.java:62)
	at com.euler.Pr_282.getAkkerman(Pr_282.java:62)
	at com.euler.Pr_282.getAkkerman(Pr_282.java:62)
	at com.euler.Pr_282.getAkkerman(Pr_282.java:62)
	at com.euler.Pr_282.getAkkerman(Pr_282.java:62)
	at com.euler.Pr_282.getAkkerman(Pr_282.java:62)
	at com.euler.Pr_282.getAkkerman(Pr_282.java:62)
	at com.euler.Pr_282.getAkkerman(Pr_282.java:62)
	at com.euler.Pr_282.getAkkerman(Pr_282.java:62)
	at com.euler.Pr_282.getAkkerman(Pr_282.java:62)
	at com.euler.Pr_282.getAkkerman(Pr_282.java:62)
	at com.euler.Pr_282.getAkkerman(Pr_282.java:62)
	at com.euler.Pr_282.getAkkerman(Pr_282.java:62)
	at com.euler.Pr_282.getAkkerman(Pr_282.java:62)
	at com.euler.Pr_282.getAkkerman(Pr_282.java:62)
	at com.euler.Pr_282.getAkkerman(Pr_282.java:62)
	at com.euler.Pr_282.getAkkerman(Pr_282.java:62)
	at com.euler.Pr_282.getAkkerman(Pr_282.java:62)
	at com.euler.Pr_282.getAkkerman(Pr_282.java:62)
	at com.euler.Pr_282.getAkkerman(Pr_282.java:62)
	at com.euler.Pr_282.getAkkerman(Pr_282.java:62)
	at com.euler.Pr_282.getAkkerman(Pr_282.java:62)
	at com.euler.Pr_282.getAkkerman(Pr_282.java:62)
	at com.euler.Pr_282.getAkkerman(Pr_282.java:62)
	at com.euler.Pr_282.getAkkerman(Pr_282.java:62)
	at com.euler.Pr_282.getAkkerman(Pr_282.java:62)
	at com.euler.Pr_282.getAkkerman(Pr_282.java:62)
	at com.euler.Pr_282.getAkkerman(Pr_282.java:62)
	at com.euler.Pr_282.getAkkerman(Pr_282.java:62)
	at com.euler.Pr_282.getAkkerman(Pr_282.java:62)
	at com.euler.Pr_282.getAkkerman(Pr_282.java:62)
	at com.euler.Pr_282.getAkkerman(Pr_282.java:62)
	at com.euler.Pr_282.getAkkerman(Pr_282.java:62)
	at com.euler.Pr_282.getAkkerman(Pr_282.java:62)
	at com.euler.Pr_282.getAkkerman(Pr_282.java:62)
	at com.euler.Pr_282.getAkkerman(Pr_282.java:62)
	at com.euler.Pr_282.getAkkerman(Pr_282.java:62)
	at com.euler.Pr_282.getAkkerman(Pr_282.java:62)
	at com.euler.Pr_282.getAkkerman(Pr_282.java:62)
	at com.euler.Pr_282.getAkkerman(Pr_282.java:62)
	at com.euler.Pr_282.getAkkerman(Pr_282.java:62)
	at com.euler.Pr_282.getAkkerman(Pr_282.java:62)
	at com.euler.Pr_282.getAkkerman(Pr_282.java:62)
	at com.euler.Pr_282.getAkkerman(Pr_282.java:62)
	at com.euler.Pr_282.getAkkerman(Pr_282.java:62)
	at com.euler.Pr_282.getAkkerman(Pr_282.java:62)
	at com.euler.Pr_282.getAkkerman(Pr_282.java:62)
	at com.euler.Pr_282.getAkkerman(Pr_282.java:62)
	at com.euler.Pr_282.getAkkerman(Pr_282.java:62)
	at com.euler.Pr_282.getAkkerman(Pr_282.java:62)
	at com.euler.Pr_282.getAkkerman(Pr_282.java:62)
	at com.euler.Pr_282.getAkkerman(Pr_282.java:62)
	at com.euler.Pr_282.getAkkerman(Pr_282.java:62)
	at com.euler.Pr_282.getAkkerman(Pr_282.java:62)
	at com.euler.Pr_282.getAkkerman(Pr_282.java:62)
	at com.euler.Pr_282.getAkkerman(Pr_282.java:62)
	at com.euler.Pr_282.getAkkerman(Pr_282.java:62)
	at com.euler.Pr_282.getAkkerman(Pr_282.java:62)
	at com.euler.Pr_282.getAkkerman(Pr_282.java:62)
	at com.euler.Pr_282.getAkkerman(Pr_282.java:62)
	at com.euler.Pr_282.getAkkerman(Pr_282.java:62)
	at com.euler.Pr_282.getAkkerman(Pr_282.java:62)
	at com.euler.Pr_282.getAkkerman(Pr_282.java:62)
	at com.euler.Pr_282.getAkkerman(Pr_282.java:62)
	at com.euler.Pr_282.getAkkerman(Pr_282.java:62)
	at com.euler.Pr_282.getAkkerman(Pr_282.java:62)
	at com.euler.Pr_282.getAkkerman(Pr_282.java:62)
	at com.euler.Pr_282.getAkkerman(Pr_282.java:62)
	at com.euler.Pr_282.getAkkerman(Pr_282.java:62)
	at com.euler.Pr_282.getAkkerman(Pr_282.java:62)
	at com.euler.Pr_282.getAkkerman(Pr_282.java:62)
	at com.euler.Pr_282.getAkkerman(Pr_282.java:62)
	at com.euler.Pr_282.getAkkerman(Pr_282.java:62)
	at com.euler.Pr_282.getAkkerman(Pr_282.java:62)
	at com.euler.Pr_282.getAkkerman(Pr_282.java:62)
	at com.euler.Pr_282.getAkkerman(Pr_282.java:62)
	at com.euler.Pr_282.getAkkerman(Pr_282.java:62)
	at com.euler.Pr_282.getAkkerman(Pr_282.java:62)
	at com.euler.Pr_282.getAkkerman(Pr_282.java:62)
	at com.euler.Pr_282.getAkkerman(Pr_282.java:62)
	at com.euler.Pr_282.getAkkerman(Pr_282.java:62)
	at com.euler.Pr_282.getAkkerman(Pr_282.java:62)
	at com.euler.Pr_282.getAkkerman(Pr_282.java:62)
	at com.euler.Pr_282.getAkkerman(Pr_282.java:62)
	at com.euler.Pr_282.getAkkerman(Pr_282.java:62)
	at com.euler.Pr_282.getAkkerman(Pr_282.java:62)
	at com.euler.Pr_282.getAkkerman(Pr_282.java:62)
	at com.euler.Pr_282.getAkkerman(Pr_282.java:62)
	at com.euler.Pr_282.getAkkerman(Pr_282.java:62)
	at com.euler.Pr_282.getAkkerman(Pr_282.java:62)
	at com.euler.Pr_282.getAkkerman(Pr_282.java:62)
	at com.euler.Pr_282.getAkkerman(Pr_282.java:62)
	at com.euler.Pr_282.getAkkerman(Pr_282.java:62)
	at com.euler.Pr_282.getAkkerman(Pr_282.java:62)
	at com.euler.Pr_282.getAkkerman(Pr_282.java:62)
	at com.euler.Pr_282.getAkkerman(Pr_282.java:62)
	at com.euler.Pr_282.getAkkerman(Pr_282.java:62)
	at com.euler.Pr_282.getAkkerman(Pr_282.java:62)
	at com.euler.Pr_282.getAkkerman(Pr_282.java:62)
	at com.euler.Pr_282.getAkkerman(Pr_282.java:62)
	at com.euler.Pr_282.getAkkerman(Pr_282.java:62)
	at com.euler.Pr_282.getAkkerman(Pr_282.java:62)
	at com.euler.Pr_282.getAkkerman(Pr_282.java:62)
	at com.euler.Pr_282.getAkkerman(Pr_282.java:62)
	at com.euler.Pr_282.getAkkerman(Pr_282.java:62)
	at com.euler.Pr_282.getAkkerman(Pr_282.java:62)
	at com.euler.Pr_282.getAkkerman(Pr_282.java:62)
	at com.euler.Pr_282.getAkkerman(Pr_282.java:62)
	at com.euler.Pr_282.getAkkerman(Pr_282.java:62)
	at com.euler.Pr_282.getAkkerman(Pr_282.java:62)
	at com.euler.Pr_282.getAkkerman(Pr_282.java:62)
	at com.euler.Pr_282.getAkkerman(Pr_282.java:62)
	at com.euler.Pr_282.getAkkerman(Pr_282.java:62)
	at com.euler.Pr_282.getAkkerman(Pr_282.java:62)
	at com.euler.Pr_282.getAkkerman(Pr_282.java:62)
	at com.euler.Pr_282.getAkkerman(Pr_282.java:62)
	at com.euler.Pr_282.getAkkerman(Pr_282.java:62)
	at com.euler.Pr_282.getAkkerman(Pr_282.java:62)
	at com.euler.Pr_282.getAkkerman(Pr_282.java:62)
	at com.euler.Pr_282.getAkkerman(Pr_282.java:62)
	at com.euler.Pr_282.getAkkerman(Pr_282.java:62)
	at com.euler.Pr_282.getAkkerman(Pr_282.java:62)
	at com.euler.Pr_282.getAkkerman(Pr_282.java:62)
	at com.euler.Pr_282.getAkkerman(Pr_282.java:62)
	at com.euler.Pr_282.getAkkerman(Pr_282.java:62)
	at com.euler.Pr_282.getAkkerman(Pr_282.java:62)
	at com.euler.Pr_282.getAkkerman(Pr_282.java:62)
	at com.euler.Pr_282.getAkkerman(Pr_282.java:62)
	at com.euler.Pr_282.getAkkerman(Pr_282.java:62)
	at com.euler.Pr_282.getAkkerman(Pr_282.java:62)
	at com.euler.Pr_282.getAkkerman(Pr_282.java:62)
	at com.euler.Pr_282.getAkkerman(Pr_282.java:62)
	at com.euler.Pr_282.getAkkerman(Pr_282.java:62)
	at com.euler.Pr_282.getAkkerman(Pr_282.java:62)
	at com.euler.Pr_282.getAkkerman(Pr_282.java:62)
	at com.euler.Pr_282.getAkkerman(Pr_282.java:62)
	at com.euler.Pr_282.getAkkerman(Pr_282.java:62)
	at com.euler.Pr_282.getAkkerman(Pr_282.java:62)
	at com.euler.Pr_282.getAkkerman(Pr_282.java:62)
	at com.euler.Pr_282.getAkkerman(Pr_282.java:62)
	at com.euler.Pr_282.getAkkerman(Pr_282.java:62)
	at com.euler.Pr_282.getAkkerman(Pr_282.java:62)
	at com.euler.Pr_282.getAkkerman(Pr_282.java:62)
	at com.euler.Pr_282.getAkkerman(Pr_282.java:62)
	at com.euler.Pr_282.getAkkerman(Pr_282.java:62)
	at com.euler.Pr_282.getAkkerman(Pr_282.java:62)
	at com.euler.Pr_282.getAkkerman(Pr_282.java:62)
	at com.euler.Pr_282.getAkkerman(Pr_282.java:62)
	at com.euler.Pr_282.getAkkerman(Pr_282.java:62)
	at com.euler.Pr_282.getAkkerman(Pr_282.java:62)
	at com.euler.Pr_282.getAkkerman(Pr_282.java:62)
	at com.euler.Pr_282.getAkkerman(Pr_282.java:62)
	at com.euler.Pr_282.getAkkerman(Pr_282.java:62)
	at com.euler.Pr_282.getAkkerman(Pr_282.java:62)
	at com.euler.Pr_282.getAkkerman(Pr_282.java:62)
	at com.euler.Pr_282.getAkkerman(Pr_282.java:62)
	at com.euler.Pr_282.getAkkerman(Pr_282.java:62)
	at com.euler.Pr_282.getAkkerman(Pr_282.java:62)
	at com.euler.Pr_282.getAkkerman(Pr_282.java:62)
	at com.euler.Pr_282.getAkkerman(Pr_282.java:62)
	at com.euler.Pr_282.getAkkerman(Pr_282.java:62)
	at com.euler.Pr_282.getAkkerman(Pr_282.java:62)
	at com.euler.Pr_282.getAkkerman(Pr_282.java:62)
	at com.euler.Pr_282.getAkkerman(Pr_282.java:62)
	at com.euler.Pr_282.getAkkerman(Pr_282.java:62)
	at com.euler.Pr_282.getAkkerman(Pr_282.java:62)
	at com.euler.Pr_282.getAkkerman(Pr_282.java:62)
	at com.euler.Pr_282.getAkkerman(Pr_282.java:62)
	at com.euler.Pr_282.getAkkerman(Pr_282.java:62)
	at com.euler.Pr_282.getAkkerman(Pr_282.java:62)
	at com.euler.Pr_282.getAkkerman(Pr_282.java:62)
	at com.euler.Pr_282.getAkkerman(Pr_282.java:62)
	at com.euler.Pr_282.getAkkerman(Pr_282.java:62)
	at com.euler.Pr_282.getAkkerman(Pr_282.java:62)
	at com.euler.Pr_282.getAkkerman(Pr_282.java:62)
	at com.euler.Pr_282.getAkkerman(Pr_282.java:62)
	at com.euler.Pr_282.getAkkerman(Pr_282.java:62)
	at com.euler.Pr_282.getAkkerman(Pr_282.java:62)
	at com.euler.Pr_282.getAkkerman(Pr_282.java:62)
	at com.euler.Pr_282.getAkkerman(Pr_282.java:62)
	at com.euler.Pr_282.getAkkerman(Pr_282.java:62)
	at com.euler.Pr_282.getAkkerman(Pr_282.java:62)
	at com.euler.Pr_282.getAkkerman(Pr_282.java:62)
	at com.euler.Pr_282.getAkkerman(Pr_282.java:62)
	at com.euler.Pr_282.getAkkerman(Pr_282.java:62)
	at com.euler.Pr_282.getAkkerman(Pr_282.java:62)
	at com.euler.Pr_282.getAkkerman(Pr_282.java:62)
	at com.euler.Pr_282.getAkkerman(Pr_282.java:62)
	at com.euler.Pr_282.getAkkerman(Pr_282.java:62)
	at com.euler.Pr_282.getAkkerman(Pr_282.java:62)
	at com.euler.Pr_282.getAkkerman(Pr_282.java:62)
	at com.euler.Pr_282.getAkkerman(Pr_282.java:62)
	at com.euler.Pr_282.getAkkerman(Pr_282.java:62)
	at com.euler.Pr_282.getAkkerman(Pr_282.java:62)
	at com.euler.Pr_282.getAkkerman(Pr_282.java:62)
	at com.euler.Pr_282.getAkkerman(Pr_282.java:62)
	at com.euler.Pr_282.getAkkerman(Pr_282.java:62)
	at com.euler.Pr_282.getAkkerman(Pr_282.java:62)
	at com.euler.Pr_282.getAkkerman(Pr_282.java:62)
	at com.euler.Pr_282.getAkkerman(Pr_282.java:62)
	at com.euler.Pr_282.getAkkerman(Pr_282.java:62)
	at com.euler.Pr_282.getAkkerman(Pr_282.java:62)
	at com.euler.Pr_282.getAkkerman(Pr_282.java:62)
	at com.euler.Pr_282.getAkkerman(Pr_282.java:62)
	at com.euler.Pr_282.getAkkerman(Pr_282.java:62)
	at com.euler.Pr_282.getAkkerman(Pr_282.java:62)
	at com.euler.Pr_282.getAkkerman(Pr_282.java:62)
	at com.euler.Pr_282.getAkkerman(Pr_282.java:62)
	at com.euler.Pr_282.getAkkerman(Pr_282.java:62)
	at com.euler.Pr_282.getAkkerman(Pr_282.java:62)
	at com.euler.Pr_282.getAkkerman(Pr_282.java:62)
	at com.euler.Pr_282.getAkkerman(Pr_282.java:62)
	at com.euler.Pr_282.getAkkerman(Pr_282.java:62)
	at com.euler.Pr_282.getAkkerman(Pr_282.java:62)
	at com.euler.Pr_282.getAkkerman(Pr_282.java:62)
	at com.euler.Pr_282.getAkkerman(Pr_282.java:62)
	at com.euler.Pr_282.getAkkerman(Pr_282.java:62)
	at com.euler.Pr_282.getAkkerman(Pr_282.java:62)
	at com.euler.Pr_282.getAkkerman(Pr_282.java:62)
	at com.euler.Pr_282.getAkkerman(Pr_282.java:62)
	at com.euler.Pr_282.getAkkerman(Pr_282.java:62)
	at com.euler.Pr_282.getAkkerman(Pr_282.java:62)
	at com.euler.Pr_282.getAkkerman(Pr_282.java:62)
	at com.euler.Pr_282.getAkkerman(Pr_282.java:62)
	at com.euler.Pr_282.getAkkerman(Pr_282.java:62)
	at com.euler.Pr_282.getAkkerman(Pr_282.java:62)
	at com.euler.Pr_282.getAkkerman(Pr_282.java:62)
	at com.euler.Pr_282.getAkkerman(Pr_282.java:62)
	at com.euler.Pr_282.getAkkerman(Pr_282.java:62)
	at com.euler.Pr_282.getAkkerman(Pr_282.java:62)
	at com.euler.Pr_282.getAkkerman(Pr_282.java:62)
	at com.euler.Pr_282.getAkkerman(Pr_282.java:62)
	at com.euler.Pr_282.getAkkerman(Pr_282.java:62)
	at com.euler.Pr_282.getAkkerman(Pr_282.java:62)
	at com.euler.Pr_282.getAkkerman(Pr_282.java:62)
	at com.euler.Pr_282.getAkkerman(Pr_282.java:62)
	at com.euler.Pr_282.getAkkerman(Pr_282.java:62)
	at com.euler.Pr_282.getAkkerman(Pr_282.java:62)
	at com.euler.Pr_282.getAkkerman(Pr_282.java:62)
	at com.euler.Pr_282.getAkkerman(Pr_282.java:62)
	at com.euler.Pr_282.getAkkerman(Pr_282.java:62)
	at com.euler.Pr_282.getAkkerman(Pr_282.java:62)
	at com.euler.Pr_282.getAkkerman(Pr_282.java:62)
	at com.euler.Pr_282.getAkkerman(Pr_282.java:62)
	at com.euler.Pr_282.getAkkerman(Pr_282.java:62)
	at com.euler.Pr_282.getAkkerman(Pr_282.java:62)
	at com.euler.Pr_282.getAkkerman(Pr_282.java:62)
	at com.euler.Pr_282.getAkkerman(Pr_282.java:62)
	at com.euler.Pr_282.getAkkerman(Pr_282.java:62)
	at com.euler.Pr_282.getAkkerman(Pr_282.java:62)
	at com.euler.Pr_282.getAkkerman(Pr_282.java:62)
	at com.euler.Pr_282.getAkkerman(Pr_282.java:62)
	at com.euler.Pr_282.getAkkerman(Pr_282.java:62)
	at com.euler.Pr_282.getAkkerman(Pr_282.java:62)
	at com.euler.Pr_282.getAkkerman(Pr_282.java:62)
	at com.euler.Pr_282.getAkkerman(Pr_282.java:62)
	at com.euler.Pr_282.getAkkerman(Pr_282.java:62)
	at com.euler.Pr_282.getAkkerman(Pr_282.java:62)
	at com.euler.Pr_282.getAkkerman(Pr_282.java:62)
	at com.euler.Pr_282.getAkkerman(Pr_282.java:62)
	at com.euler.Pr_282.getAkkerman(Pr_282.java:62)
	at com.euler.Pr_282.getAkkerman(Pr_282.java:62)
	at com.euler.Pr_282.getAkkerman(Pr_282.java:62)
	at com.euler.Pr_282.getAkkerman(Pr_282.java:62)
	at com.euler.Pr_282.getAkkerman(Pr_282.java:62)
	at com.euler.Pr_282.getAkkerman(Pr_282.java:62)
	at com.euler.Pr_282.getAkkerman(Pr_282.java:62)
	at com.euler.Pr_282.getAkkerman(Pr_282.java:62)
	at com.euler.Pr_282.getAkkerman(Pr_282.java:62)
	at com.euler.Pr_282.getAkkerman(Pr_282.java:62)
	at com.euler.Pr_282.getAkkerman(Pr_282.java:62)
	at com.euler.Pr_282.getAkkerman(Pr_282.java:62)
	at com.euler.Pr_282.getAkkerman(Pr_282.java:62)
	at com.euler.Pr_282.getAkkerman(Pr_282.java:62)
	at com.euler.Pr_282.getAkkerman(Pr_282.java:62)
	at com.euler.Pr_282.getAkkerman(Pr_282.java:62)
	at com.euler.Pr_282.getAkkerman(Pr_282.java:62)
	at com.euler.Pr_282.getAkkerman(Pr_282.java:62)
	at com.euler.Pr_282.getAkkerman(Pr_282.java:62)
	at com.euler.Pr_282.getAkkerman(Pr_282.java:62)
	at com.euler.Pr_282.getAkkerman(Pr_282.java:62)
	at com.euler.Pr_282.getAkkerman(Pr_282.java:62)
	at com.euler.Pr_282.getAkkerman(Pr_282.java:62)
	at com.euler.Pr_282.getAkkerman(Pr_282.java:62)
	at com.euler.Pr_282.getAkkerman(Pr_282.java:62)
	at com.euler.Pr_282.getAkkerman(Pr_282.java:62)
	at com.euler.Pr_282.getAkkerman(Pr_282.java:62)
	at com.euler.Pr_282.getAkkerman(Pr_282.java:62)
	at com.euler.Pr_282.getAkkerman(Pr_282.java:62)
	at com.euler.Pr_282.getAkkerman(Pr_282.java:62)
	at com.euler.Pr_282.getAkkerman(Pr_282.java:62)
	at com.euler.Pr_282.getAkkerman(Pr_282.java:62)
	at com.euler.Pr_282.getAkkerman(Pr_282.java:62)
	at com.euler.Pr_282.getAkkerman(Pr_282.java:62)
	at com.euler.Pr_282.getAkkerman(Pr_282.java:62)
	at com.euler.Pr_282.getAkkerman(Pr_282.java:62)
	at com.euler.Pr_282.getAkkerman(Pr_282.java:62)
	at com.euler.Pr_282.getAkkerman(Pr_282.java:62)
	at com.euler.Pr_282.getAkkerman(Pr_282.java:62)
	at com.euler.Pr_282.getAkkerman(Pr_282.java:62)
	at com.euler.Pr_282.getAkkerman(Pr_282.java:62)
	at com.euler.Pr_282.getAkkerman(Pr_282.java:62)
	at com.euler.Pr_282.getAkkerman(Pr_282.java:62)
	at com.euler.Pr_282.getAkkerman(Pr_282.java:62)
	at com.euler.Pr_282.getAkkerman(Pr_282.java:62)
	at com.euler.Pr_282.getAkkerman(Pr_282.java:62)
	at com.euler.Pr_282.getAkkerman(Pr_282.java:62)
	at com.euler.Pr_282.getAkkerman(Pr_282.java:62)
	at com.euler.Pr_282.getAkkerman(Pr_282.java:62)
	at com.euler.Pr_282.getAkkerman(Pr_282.java:62)
	at com.euler.Pr_282.getAkkerman(Pr_282.java:62)
	at com.euler.Pr_282.getAkkerman(Pr_282.java:62)
	at com.euler.Pr_282.getAkkerman(Pr_282.java:62)
	at com.euler.Pr_282.getAkkerman(Pr_282.java:62)
	at com.euler.Pr_282.getAkkerman(Pr_282.java:62)
	at com.euler.Pr_282.getAkkerman(Pr_282.java:62)
	at com.euler.Pr_282.getAkkerman(Pr_282.java:62)
	at com.euler.Pr_282.getAkkerman(Pr_282.java:62)
	at com.euler.Pr_282.getAkkerman(Pr_282.java:62)
	at com.euler.Pr_282.getAkkerman(Pr_282.java:62)
	at com.euler.Pr_282.getAkkerman(Pr_282.java:62)
	at com.euler.Pr_282.getAkkerman(Pr_282.java:62)
	at com.euler.Pr_282.getAkkerman(Pr_282.java:62)
	at com.euler.Pr_282.getAkkerman(Pr_282.java:62)
	at com.euler.Pr_282.getAkkerman(Pr_282.java:62)
	at com.euler.Pr_282.getAkkerman(Pr_282.java:62)
	at com.euler.Pr_282.getAkkerman(Pr_282.java:62)
	at com.euler.Pr_282.getAkkerman(Pr_282.java:62)
	at com.euler.Pr_282.getAkkerman(Pr_282.java:62)
	at com.euler.Pr_282.getAkkerman(Pr_282.java:62)
	at com.euler.Pr_282.getAkkerman(Pr_282.java:62)
	at com.euler.Pr_282.getAkkerman(Pr_282.java:62)
	at com.euler.Pr_282.getAkkerman(Pr_282.java:62)
	at com.euler.Pr_282.getAkkerman(Pr_282.java:62)
	at com.euler.Pr_282.getAkkerman(Pr_282.java:62)
	at com.euler.Pr_282.getAkkerman(Pr_282.java:62)
	at com.euler.Pr_282.getAkkerman(Pr_282.java:62)
	at com.euler.Pr_282.getAkkerman(Pr_282.java:62)
	at com.euler.Pr_282.getAkkerman(Pr_282.java:62)
	at com.euler.Pr_282.getAkkerman(Pr_282.java:62)
	at com.euler.Pr_282.getAkkerman(Pr_282.java:62)
	at com.euler.Pr_282.getAkkerman(Pr_282.java:62)
	at com.euler.Pr_282.getAkkerman(Pr_282.java:62)
	at com.euler.Pr_282.getAkkerman(Pr_282.java:62)
	at com.euler.Pr_282.getAkkerman(Pr_282.java:62)
	at com.euler.Pr_282.getAkkerman(Pr_282.java:62)
	at com.euler.Pr_282.getAkkerman(Pr_282.java:62)
	at com.euler.Pr_282.getAkkerman(Pr_282.java:62)
	at com.euler.Pr_282.getAkkerman(Pr_282.java:62)
	at com.euler.Pr_282.getAkkerman(Pr_282.java:62)
	at com.euler.Pr_282.getAkkerman(Pr_282.java:62)
	at com.euler.Pr_282.getAkkerman(Pr_282.java:62)
	at com.euler.Pr_282.getAkkerman(Pr_282.java:62)
	at com.euler.Pr_282.getAkkerman(Pr_282.java:62)
	at com.euler.Pr_282.getAkkerman(Pr_282.java:62)
	at com.euler.Pr_282.getAkkerman(Pr_282.java:62)
	at com.euler.Pr_282.getAkkerman(Pr_282.java:62)
	at com.euler.Pr_282.getAkkerman(Pr_282.java:62)
	at com.euler.Pr_282.getAkkerman(Pr_282.java:62)
	at com.euler.Pr_282.getAkkerman(Pr_282.java:62)
	at com.euler.Pr_282.getAkkerman(Pr_282.java:62)
	at com.euler.Pr_282.getAkkerman(Pr_282.java:62)
	at com.euler.Pr_282.getAkkerman(Pr_282.java:62)
	at com.euler.Pr_282.getAkkerman(Pr_282.java:62)
	at com.euler.Pr_282.getAkkerman(Pr_282.java:62)
	at com.euler.Pr_282.getAkkerman(Pr_282.java:62)
	at com.euler.Pr_282.getAkkerman(Pr_282.java:62)
	at com.euler.Pr_282.getAkkerman(Pr_282.java:62)
	at com.euler.Pr_282.getAkkerman(Pr_282.java:62)
	at com.euler.Pr_282.getAkkerman(Pr_282.java:62)
	at com.euler.Pr_282.getAkkerman(Pr_282.java:62)
	at com.euler.Pr_282.getAkkerman(Pr_282.java:62)
	at com.euler.Pr_282.getAkkerman(Pr_282.java:62)
	at com.euler.Pr_282.getAkkerman(Pr_282.java:62)
	at com.euler.Pr_282.getAkkerman(Pr_282.java:62)
	at com.euler.Pr_282.getAkkerman(Pr_282.java:62)
	at com.euler.Pr_282.getAkkerman(Pr_282.java:62)
	at com.euler.Pr_282.getAkkerman(Pr_282.java:62)
	at com.euler.Pr_282.getAkkerman(Pr_282.java:62)
	at com.euler.Pr_282.getAkkerman(Pr_282.java:62)
	at com.euler.Pr_282.getAkkerman(Pr_282.java:62)
	at com.euler.Pr_282.getAkkerman(Pr_282.java:62)
	at com.euler.Pr_282.getAkkerman(Pr_282.java:62)
	at com.euler.Pr_282.getAkkerman(Pr_282.java:62)
	at com.euler.Pr_282.getAkkerman(Pr_282.java:62)
	at com.euler.Pr_282.getAkkerman(Pr_282.java:62)
	at com.euler.Pr_282.getAkkerman(Pr_282.java:62)
	at com.euler.Pr_282.getAkkerman(Pr_282.java:62)
	at com.euler.Pr_282.getAkkerman(Pr_282.java:62)
	at com.euler.Pr_282.getAkkerman(Pr_282.java:62)
	at com.euler.Pr_282.getAkkerman(Pr_282.java:62)
	at com.euler.Pr_282.getAkkerman(Pr_282.java:62)
	at com.euler.Pr_282.getAkkerman(Pr_282.java:62)
	at com.euler.Pr_282.getAkkerman(Pr_282.java:62)
	at com.euler.Pr_282.getAkkerman(Pr_282.java:62)
	at com.euler.Pr_282.getAkkerman(Pr_282.java:62)
	at com.euler.Pr_282.getAkkerman(Pr_282.java:62)
	at com.euler.Pr_282.getAkkerman(Pr_282.java:62)
	at com.euler.Pr_282.getAkkerman(Pr_282.java:62)
	at com.euler.Pr_282.getAkkerman(Pr_282.java:62)
	at com.euler.Pr_282.getAkkerman(Pr_282.java:62)
	at com.euler.Pr_282.getAkkerman(Pr_282.java:62)
	at com.euler.Pr_282.getAkkerman(Pr_282.java:62)
	at com.euler.Pr_282.getAkkerman(Pr_282.java:62)
	at com.euler.Pr_282.getAkkerman(Pr_282.java:62)
	at com.euler.Pr_282.getAkkerman(Pr_282.java:62)
	at com.euler.Pr_282.getAkkerman(Pr_282.java:62)
	at com.euler.Pr_282.getAkkerman(Pr_282.java:62)
	at com.euler.Pr_282.getAkkerman(Pr_282.java:62)
	at com.euler.Pr_282.getAkkerman(Pr_282.java:62)
	at com.euler.Pr_282.getAkkerman(Pr_282.java:62)
	at com.euler.Pr_282.getAkkerman(Pr_282.java:62)
	at com.euler.Pr_282.getAkkerman(Pr_282.java:62)
	at com.euler.Pr_282.getAkkerman(Pr_282.java:62)
	at com.euler.Pr_282.getAkkerman(Pr_282.java:62)
	at com.euler.Pr_282.getAkkerman(Pr_282.java:62)
	at com.euler.Pr_282.getAkkerman(Pr_282.java:62)
	at com.euler.Pr_282.getAkkerman(Pr_282.java:62)
	at com.euler.Pr_282.getAkkerman(Pr_282.java:62)
	at com.euler.Pr_282.getAkkerman(Pr_282.java:62)
	at com.euler.Pr_282.getAkkerman(Pr_282.java:62)
	at com.euler.Pr_282.getAkkerman(Pr_282.java:62)
	at com.euler.Pr_282.getAkkerman(Pr_282.java:62)
	at com.euler.Pr_282.getAkkerman(Pr_282.java:62)
	at com.euler.Pr_282.getAkkerman(Pr_282.java:62)
	at com.euler.Pr_282.getAkkerman(Pr_282.java:62)
	at com.euler.Pr_282.getAkkerman(Pr_282.java:62)
	at com.euler.Pr_282.getAkkerman(Pr_282.java:62)
	at com.euler.Pr_282.getAkkerman(Pr_282.java:62)
	at com.euler.Pr_282.getAkkerman(Pr_282.java:62)
	at com.euler.Pr_282.getAkkerman(Pr_282.java:62)
	at com.euler.Pr_282.getAkkerman(Pr_282.java:62)
	at com.euler.Pr_282.getAkkerman(Pr_282.java:62)
	at com.euler.Pr_282.getAkkerman(Pr_282.java:62)
	at com.euler.Pr_282.getAkkerman(Pr_282.java:62)
	at com.euler.Pr_282.getAkkerman(Pr_282.java:62)
	at com.euler.Pr_282.getAkkerman(Pr_282.java:62)
	at com.euler.Pr_282.getAkkerman(Pr_282.java:62)
	at com.euler.Pr_282.getAkkerman(Pr_282.java:62)
	at com.euler.Pr_282.getAkkerman(Pr_282.java:62)
	at com.euler.Pr_282.getAkkerman(Pr_282.java:62)
	at com.euler.Pr_282.getAkkerman(Pr_282.java:62)
	at com.euler.Pr_282.getAkkerman(Pr_282.java:62)
	at com.euler.Pr_282.getAkkerman(Pr_282.java:62)
	at com.euler.Pr_282.getAkkerman(Pr_282.java:62)
	at com.euler.Pr_282.getAkkerman(Pr_282.java:62)
	at com.euler.Pr_282.getAkkerman(Pr_282.java:62)
	at com.euler.Pr_282.getAkkerman(Pr_282.java:62)
	at com.euler.Pr_282.getAkkerman(Pr_282.java:62)
	at com.euler.Pr_282.getAkkerman(Pr_282.java:62)
	at com.euler.Pr_282.getAkkerman(Pr_282.java:62)
	at com.euler.Pr_282.getAkkerman(Pr_282.java:62)
	at com.euler.Pr_282.getAkkerman(Pr_282.java:62)
	at com.euler.Pr_282.getAkkerman(Pr_282.java:62)
	at com.euler.Pr_282.getAkkerman(Pr_282.java:62)
	at com.euler.Pr_282.getAkkerman(Pr_282.java:62)
	at com.euler.Pr_282.getAkkerman(Pr_282.java:62)
	at com.euler.Pr_282.getAkkerman(Pr_282.java:62)
	at com.euler.Pr_282.getAkkerman(Pr_282.java:62)
	at com.euler.Pr_282.getAkkerman(Pr_282.java:62)
	at com.euler.Pr_282.getAkkerman(Pr_282.java:62)
	at com.euler.Pr_282.getAkkerman(Pr_282.java:62)
	at com.euler.Pr_282.getAkkerman(Pr_282.java:62)
	at com.euler.Pr_282.getAkkerman(Pr_282.java:62)
	at com.euler.Pr_282.getAkkerman(Pr_282.java:62)
	at com.euler.Pr_282.getAkkerman(Pr_282.java:62)
	at com.euler.Pr_282.getAkkerman(Pr_282.java:62)
	at com.euler.Pr_282.getAkkerman(Pr_282.java:62)
	at com.euler.Pr_282.getAkkerman(Pr_282.java:62)
	at com.euler.Pr_282.getAkkerman(Pr_282.java:62)
	at com.euler.Pr_282.getAkkerman(Pr_282.java:62)
	at com.euler.Pr_282.getAkkerman(Pr_282.java:62)
	at com.euler.Pr_282.getAkkerman(Pr_282.java:62)
	at com.euler.Pr_282.getAkkerman(Pr_282.java:62)
	at com.euler.Pr_282.getAkkerman(Pr_282.java:62)
	at com.euler.Pr_282.getAkkerman(Pr_282.java:62)
	at com.euler.Pr_282.getAkkerman(Pr_282.java:62)
	at com.euler.Pr_282.getAkkerman(Pr_282.java:62)
	at com.euler.Pr_282.getAkkerman(Pr_282.java:62)
	at com.euler.Pr_282.getAkkerman(Pr_282.java:62)
	at com.euler.Pr_282.getAkkerman(Pr_282.java:62)
	at com.euler.Pr_282.getAkkerman(Pr_282.java:62)
	at com.euler.Pr_282.getAkkerman(Pr_282.java:62)
	at com.euler.Pr_282.getAkkerman(Pr_282.java:62)
	at com.euler.Pr_282.getAkkerman(Pr_282.java:62)
	at com.euler.Pr_282.getAkkerman(Pr_282.java:62)
	at com.euler.Pr_282.getAkkerman(Pr_282.java:62)
	at com.euler.Pr_282.getAkkerman(Pr_282.java:62)
	at com.euler.Pr_282.getAkkerman(Pr_282.java:62)
	at com.euler.Pr_282.getAkkerman(Pr_282.java:62)
	at com.euler.Pr_282.getAkkerman(Pr_282.java:62)
	at com.euler.Pr_282.getAkkerman(Pr_282.java:62)
	at com.euler.Pr_282.getAkkerman(Pr_282.java:62)
	at com.euler.Pr_282.getAkkerman(Pr_282.java:62)
	at com.euler.Pr_282.getAkkerman(Pr_282.java:62)
	at com.euler.Pr_282.getAkkerman(Pr_282.java:62)
	at com.euler.Pr_282.getAkkerman(Pr_282.java:62)
	at com.euler.Pr_282.getAkkerman(Pr_282.java:62)
	at com.euler.Pr_282.getAkkerman(Pr_282.java:62)
	at com.euler.Pr_282.getAkkerman(Pr_282.java:62)
	at com.euler.Pr_282.getAkkerman(Pr_282.java:62)
	at com.euler.Pr_282.getAkkerman(Pr_282.java:62)
	at com.euler.Pr_282.getAkkerman(Pr_282.java:62)
	at com.euler.Pr_282.getAkkerman(Pr_282.java:62)
	at com.euler.Pr_282.getAkkerman(Pr_282.java:62)
	at com.euler.Pr_282.getAkkerman(Pr_282.java:62)
	at com.euler.Pr_282.getAkkerman(Pr_282.java:62)
	at com.euler.Pr_282.getAkkerman(Pr_282.java:62)
	at com.euler.Pr_282.getAkkerman(Pr_282.java:62)
	at com.euler.Pr_282.getAkkerman(Pr_282.java:62)
	at com.euler.Pr_282.getAkkerman(Pr_282.java:62)
	at com.euler.Pr_282.getAkkerman(Pr_282.java:62)
	at com.euler.Pr_282.getAkkerman(Pr_282.java:62)
	at com.euler.Pr_282.getAkkerman(Pr_282.java:62)
	at com.euler.Pr_282.getAkkerman(Pr_282.java:62)
	at com.euler.Pr_282.getAkkerman(Pr_282.java:62)
	at com.euler.Pr_282.getAkkerman(Pr_282.java:62)
	at com.euler.Pr_282.getAkkerman(Pr_282.java:62)
	at com.euler.Pr_282.getAkkerman(Pr_282.java:62)
	at com.euler.Pr_282.getAkkerman(Pr_282.java:62)
	at com.euler.Pr_282.getAkkerman(Pr_282.java:62)
	at com.euler.Pr_282.getAkkerman(Pr_282.java:62)
	at com.euler.Pr_282.getAkkerman(Pr_282.java:62)
	at com.euler.Pr_282.getAkkerman(Pr_282.java:62)
	at com.euler.Pr_282.getAkkerman(Pr_282.java:62)
	at com.euler.Pr_282.getAkkerman(Pr_282.java:62)
	at com.euler.Pr_282.getAkkerman(Pr_282.java:62)
	at com.euler.Pr_282.getAkkerman(Pr_282.java:62)
	at com.euler.Pr_282.getAkkerman(Pr_282.java:62)
	at com.euler.Pr_282.getAkkerman(Pr_282.java:62)
	at com.euler.Pr_282.getAkkerman(Pr_282.java:62)
	at com.euler.Pr_282.getAkkerman(Pr_282.java:62)
	at com.euler.Pr_282.getAkkerman(Pr_282.java:62)
	at com.euler.Pr_282.getAkkerman(Pr_282.java:62)
	at com.euler.Pr_282.getAkkerman(Pr_282.java:62)
	at com.euler.Pr_282.getAkkerman(Pr_282.java:62)
	at com.euler.Pr_282.getAkkerman(Pr_282.java:62)
	at com.euler.Pr_282.getAkkerman(Pr_282.java:62)
	at com.euler.Pr_282.getAkkerman(Pr_282.java:62)
	at com.euler.Pr_282.getAkkerman(Pr_282.java:62)
	at com.euler.Pr_282.getAkkerman(Pr_282.java:62)
	at com.euler.Pr_282.getAkkerman(Pr_282.java:62)
	at com.euler.Pr_282.getAkkerman(Pr_282.java:62)
	at com.euler.Pr_282.getAkkerman(Pr_282.java:62)
	at com.euler.Pr_282.getAkkerman(Pr_282.java:62)
	at com.euler.Pr_282.getAkkerman(Pr_282.java:62)
	at com.euler.Pr_282.getAkkerman(Pr_282.java:62)
	at com.euler.Pr_282.getAkkerman(Pr_282.java:62)
	at com.euler.Pr_282.getAkkerman(Pr_282.java:62)
	at com.euler.Pr_282.getAkkerman(Pr_282.java:62)
	at com.euler.Pr_282.getAkkerman(Pr_282.java:62)
	at com.euler.Pr_282.getAkkerman(Pr_282.java:62)
	at com.euler.Pr_282.getAkkerman(Pr_282.java:62)
	at com.euler.Pr_282.getAkkerman(Pr_282.java:62)
	at com.euler.Pr_282.getAkkerman(Pr_282.java:62)
	at com.euler.Pr_282.getAkkerman(Pr_282.java:62)
	at com.euler.Pr_282.getAkkerman(Pr_282.java:62)
	at com.euler.Pr_282.getAkkerman(Pr_282.java:62)
	at com.euler.Pr_282.getAkkerman(Pr_282.java:62)
	at com.euler.Pr_282.getAkkerman(Pr_282.java:62)
	at com.euler.Pr_282.getAkkerman(Pr_282.java:62)
	at com.euler.Pr_282.getAkkerman(Pr_282.java:62)
	at com.euler.Pr_282.getAkkerman(Pr_282.java:62)
	at com.euler.Pr_282.getAkkerman(Pr_282.java:62)
	at com.euler.Pr_282.getAkkerman(Pr_282.java:62)
	at com.euler.Pr_282.getAkkerman(Pr_282.java:62)
	at com.euler.Pr_282.getAkkerman(Pr_282.java:62)
	at com.euler.Pr_282.getAkkerman(Pr_282.java:62)
	at com.euler.Pr_282.getAkkerman(Pr_282.java:62)
	at com.euler.Pr_282.getAkkerman(Pr_282.java:62)
	at com.euler.Pr_282.getAkkerman(Pr_282.java:62)
	at com.euler.Pr_282.getAkkerman(Pr_282.java:62)
	at com.euler.Pr_282.getAkkerman(Pr_282.java:62)
	at com.euler.Pr_282.getAkkerman(Pr_282.java:62)
	at com.euler.Pr_282.getAkkerman(Pr_282.java:62)
	at com.euler.Pr_282.getAkkerman(Pr_282.java:62)
	at com.euler.Pr_282.getAkkerman(Pr_282.java:62)
	at com.euler.Pr_282.getAkkerman(Pr_282.java:62)
	at com.euler.Pr_282.getAkkerman(Pr_282.java:62)
	at com.euler.Pr_282.getAkkerman(Pr_282.java:62)
	at com.euler.Pr_282.getAkkerman(Pr_282.java:62)
	at com.euler.Pr_282.getAkkerman(Pr_282.java:62)
	at com.euler.Pr_282.getAkkerman(Pr_282.java:62)
	at com.euler.Pr_282.getAkkerman(Pr_282.java:62)
	at com.euler.Pr_282.getAkkerman(Pr_282.java:62)
	at com.euler.Pr_282.getAkkerman(Pr_282.java:62)
	at com.euler.Pr_282.getAkkerman(Pr_282.java:62)
	at com.euler.Pr_282.getAkkerman(Pr_282.java:62)
	at com.euler.Pr_282.getAkkerman(Pr_282.java:62)
	at com.euler.Pr_282.getAkkerman(Pr_282.java:62)
	at com.euler.Pr_282.getAkkerman(Pr_282.java:62)
	at com.euler.Pr_282.getAkkerman(Pr_282.java:62)
	at com.euler.Pr_282.getAkkerman(Pr_282.java:62)
	at com.euler.Pr_282.getAkkerman(Pr_282.java:62)
	at com.euler.Pr_282.getAkkerman(Pr_282.java:62)
	at com.euler.Pr_282.getAkkerman(Pr_282.java:62)
	at com.euler.Pr_282.getAkkerman(Pr_282.java:62)
	at com.euler.Pr_282.getAkkerman(Pr_282.java:62)
	at com.euler.Pr_282.getAkkerman(Pr_282.java:62)
	at com.euler.Pr_282.getAkkerman(Pr_282.java:62)
	at com.euler.Pr_282.getAkkerman(Pr_282.java:62)
	at com.euler.Pr_282.getAkkerman(Pr_282.java:62)
	at com.euler.Pr_282.getAkkerman(Pr_282.java:62)
	at com.euler.Pr_282.getAkkerman(Pr_282.java:62)
	at com.euler.Pr_282.getAkkerman(Pr_282.java:62)
	at com.euler.Pr_282.getAkkerman(Pr_282.java:62)
	at com.euler.Pr_282.getAkkerman(Pr_282.java:62)
	at com.euler.Pr_282.getAkkerman(Pr_282.java:62)
	at com.euler.Pr_282.getAkkerman(Pr_282.java:62)
	at com.euler.Pr_282.getAkkerman(Pr_282.java:62)
	at com.euler.Pr_282.getAkkerman(Pr_282.java:62)
	at com.euler.Pr_282.getAkkerman(Pr_282.java:62)
	at com.euler.Pr_282.getAkkerman(Pr_282.java:62)
	at com.euler.Pr_282.getAkkerman(Pr_282.java:62)
	at com.euler.Pr_282.getAkkerman(Pr_282.java:62)
	at com.euler.Pr_282.getAkkerman(Pr_282.java:62)
	at com.euler.Pr_282.getAkkerman(Pr_282.java:62)
	at com.euler.Pr_282.getAkkerman(Pr_282.java:62)
	at com.euler.Pr_282.getAkkerman(Pr_282.java:62)
	at com.euler.Pr_282.getAkkerman(Pr_282.java:62)
	at com.euler.Pr_282.getAkkerman(Pr_282.java:62)
	at com.euler.Pr_282.getAkkerman(Pr_282.java:62)
	at com.euler.Pr_282.getAkkerman(Pr_282.java:62)
	at com.euler.Pr_282.getAkkerman(Pr_282.java:62)
	at com.euler.Pr_282.getAkkerman(Pr_282.java:62)
	at com.euler.Pr_282.getAkkerman(Pr_282.java:62)
	at com.euler.Pr_282.getAkkerman(Pr_282.java:62)
	at com.euler.Pr_282.getAkkerman(Pr_282.java:62)
	at com.euler.Pr_282.getAkkerman(Pr_282.java:62)
	at com.euler.Pr_282.getAkkerman(Pr_282.java:62)
	at com.euler.Pr_282.getAkkerman(Pr_282.java:62)
	at com.euler.Pr_282.getAkkerman(Pr_282.java:62)
	at com.euler.Pr_282.getAkkerman(Pr_282.java:62)
	at com.euler.Pr_282.getAkkerman(Pr_282.java:62)
	at com.euler.Pr_282.getAkkerman(Pr_282.java:62)
	at com.euler.Pr_282.getAkkerman(Pr_282.java:62)
	at com.euler.Pr_282.getAkkerman(Pr_282.java:62)
	at com.euler.Pr_282.getAkkerman(Pr_282.java:62)
	at com.euler.Pr_282.getAkkerman(Pr_282.java:62)
	at com.euler.Pr_282.getAkkerman(Pr_282.java:62)
	at com.euler.Pr_282.getAkkerman(Pr_282.java:62)
	at com.euler.Pr_282.getAkkerman(Pr_282.java:62)
	at com.euler.Pr_282.getAkkerman(Pr_282.java:62)
	at com.euler.Pr_282.getAkkerman(Pr_282.java:62)
	at com.euler.Pr_282.getAkkerman(Pr_282.java:62)
	at com.euler.Pr_282.getAkkerman(Pr_282.java:62)
	at com.euler.Pr_282.getAkkerman(Pr_282.java:62)
	at com.euler.Pr_282.getAkkerman(Pr_282.java:62)
	at com.euler.Pr_282.getAkkerman(Pr_282.java:62)
	at com.euler.Pr_282.getAkkerman(Pr_282.java:62)
	at com.euler.Pr_282.getAkkerman(Pr_282.java:62)
	at com.euler.Pr_282.getAkkerman(Pr_282.java:62)
	at com.euler.Pr_282.getAkkerman(Pr_282.java:62)
	at com.euler.Pr_282.getAkkerman(Pr_282.java:62)
	at com.euler.Pr_282.getAkkerman(Pr_282.java:62)
	at com.euler.Pr_282.getAkkerman(Pr_282.java:62)
	at com.euler.Pr_282.getAkkerman(Pr_282.java:62)
	at com.euler.Pr_282.getAkkerman(Pr_282.java:62)
	at com.euler.Pr_282.getAkkerman(Pr_282.java:62)
	at com.euler.Pr_282.getAkkerman(Pr_282.java:62)
	at com.euler.Pr_282.getAkkerman(Pr_282.java:62)
	at com.euler.Pr_282.getAkkerman(Pr_282.java:62)
	at com.euler.Pr_282.getAkkerman(Pr_282.java:62)
	at com.euler.Pr_282.getAkkerman(Pr_282.java:62)
	at com.euler.Pr_282.getAkkerman(Pr_282.java:62)
	at com.euler.Pr_282.getAkkerman(Pr_282.java:62)
	at com.euler.Pr_282.getAkkerman(Pr_282.java:62)
	at com.euler.Pr_282.getAkkerman(Pr_282.java:62)
	at com.euler.Pr_282.getAkkerman(Pr_282.java:62)
	at com.euler.Pr_282.getAkkerman(Pr_282.java:62)
	at com.euler.Pr_282.getAkkerman(Pr_282.java:62)
	at com.euler.Pr_282.getAkkerman(Pr_282.java:62)
	at com.euler.Pr_282.getAkkerman(Pr_282.java:62)
	at com.euler.Pr_282.getAkkerman(Pr_282.java:62)
	at com.euler.Pr_282.getAkkerman(Pr_282.java:62)
	at com.euler.Pr_282.getAkkerman(Pr_282.java:62)
	at com.euler.Pr_282.getAkkerman(Pr_282.java:62)
	at com.euler.Pr_282.getAkkerman(Pr_282.java:62)
	at com.euler.Pr_282.getAkkerman(Pr_282.java:62)
	at com.euler.Pr_282.getAkkerman(Pr_282.java:62)
	at com.euler.Pr_282.getAkkerman(Pr_282.java:62)
	at com.euler.Pr_282.getAkkerman(Pr_282.java:62)
	at com.euler.Pr_282.getAkkerman(Pr_282.java:62)
	at com.euler.Pr_282.getAkkerman(Pr_282.java:62)
	at com.euler.Pr_282.getAkkerman(Pr_282.java:62)
	at com.euler.Pr_282.getAkkerman(Pr_282.java:62)
	at com.euler.Pr_282.getAkkerman(Pr_282.java:62)
	at com.euler.Pr_282.getAkkerman(Pr_282.java:62)
	at com.euler.Pr_282.getAkkerman(Pr_282.java:62)
	at com.euler.Pr_282.getAkkerman(Pr_282.java:62)
	at com.euler.Pr_282.getAkkerman(Pr_282.java:62)
	at com.euler.Pr_282.getAkkerman(Pr_282.java:62)
	at com.euler.Pr_282.getAkkerman(Pr_282.java:62)
]]>
    </failure>
  </testcase>
</testsuite>
