<?xml version="1.0" encoding="UTF-8"?>
<!-- Generated by org.testng.reporters.JUnitReportReporter -->
<testsuite hostname="SK-TC16" name="com.euler.PR_33" tests="1" failures="0" timestamp="29 Sep 2011 09:06:44 GMT" time="0,016" errors="0">
  <testcase name="doTest" time="0,016" classname="com.euler.PR_33"/>
</testsuite>
