<?xml version="1.0" encoding="UTF-8"?>
<!-- Generated by org.testng.reporters.JUnitReportReporter -->
<testsuite hostname="SK-TC16" name="com.euler.PR_303" tests="1" failures="0" timestamp="6 Dec 2011 10:59:27 GMT" time="10,943" errors="0">
  <testcase name="doTest" time="10,943" classname="com.euler.PR_303"/>
</testsuite>
