<?xml version="1.0" encoding="UTF-8"?>
<!-- Generated by org.testng.reporters.JUnitReportReporter -->
<testsuite hostname="SK-TC16" name="com.euler.utils.sorting.QuickSort" tests="1" failures="0" timestamp="20 Mar 2012 09:20:55 GMT" time="0,014" errors="0">
  <testcase name="doSort" time="0,014" classname="com.euler.utils.sorting.QuickSort"/>
</testsuite>
