<?xml version="1.0" encoding="UTF-8"?>
<!-- Generated by org.testng.reporters.JUnitReportReporter -->
<testsuite hostname="SK-TC16" name="com.euler.Problem" tests="1" failures="0" timestamp="16 Sep 2011 12:36:20 GMT" time="0,055" errors="0">
  <testcase name="doTest" time="0,055" classname="com.euler.Problem"/>
</testsuite>
