<?xml version="1.0" encoding="UTF-8"?>
<!-- Generated by org.testng.reporters.JUnitReportReporter -->
<testsuite hostname="SK-TC16" name="com.euler.PR_45" tests="1" failures="0" timestamp="18 Oct 2011 14:21:28 GMT" time="12,600" errors="0">
  <testcase name="doTest" time="12,600" classname="com.euler.PR_45"/>
</testsuite>
