<?xml version="1.0" encoding="UTF-8"?>
<!-- Generated by org.testng.reporters.JUnitReportReporter -->
<testsuite hostname="SK-TC16" name="com.euler.Pr_38" tests="1" failures="0" timestamp="4 Oct 2011 12:49:19 GMT" time="0,034" errors="0">
  <testcase name="doTest" time="0,034" classname="com.euler.Pr_38"/>
</testsuite>
