<?xml version="1.0" encoding="UTF-8"?>
<!-- Generated by org.testng.reporters.JUnitReportReporter -->
<testsuite hostname="SK-TC16" name="algo.QuickSortNumber" tests="1" failures="0" timestamp="21 Mar 2012 09:22:23 GMT" time="0,117" errors="0">
  <testcase name="doTestFinal" time="0,117" classname="algo.QuickSortNumber"/>
</testsuite>
