<?xml version="1.0" encoding="UTF-8"?>
<!-- Generated by org.testng.reporters.JUnitReportReporter -->
<testsuite hostname="SK-TC16" name="com.euler.utils.AtkinSieve" tests="1" failures="0" timestamp="25 Nov 2011 11:03:46 GMT" time="4,871" errors="0">
  <testcase name="doTest" time="4,871" classname="com.euler.utils.AtkinSieve"/>
</testsuite>
