<?xml version="1.0" encoding="UTF-8"?>
<!-- Generated by org.testng.reporters.JUnitReportReporter -->
<testsuite hostname="SK-TC16" name="algo.QuickSortNumber" tests="1" failures="0" timestamp="20 Mar 2012 15:05:53 GMT" time="0,023" errors="0">
  <testcase name="doTest" time="0,023" classname="algo.QuickSortNumber"/>
</testsuite>
