<?xml version="1.0" encoding="UTF-8"?>
<!-- Generated by org.testng.reporters.JUnitReportReporter -->
<testsuite hostname="SK-TC16" name="com.euler.Primes" tests="1" failures="0" timestamp="25 Oct 2011 09:14:47 GMT" time="26,198" errors="0">
  <testcase name="doTest" time="26,198" classname="com.euler.Primes"/>
</testsuite>
