<?xml version="1.0" encoding="UTF-8"?>
<!-- Generated by org.testng.reporters.JUnitReportReporter -->
<testsuite hostname="SK-TC16" name="algo.kosaraju.ResultKosaraju" tests="1" failures="0" timestamp="12 Apr 2012 12:44:46 GMT" time="6,716" errors="0">
  <testcase name="doTest" time="6,716" classname="algo.kosaraju.ResultKosaraju"/>
</testsuite>
